c:\users\thewy\desktop\popbl\sdl2-0-7examplesvcws\02simplegame\debug\vc141.pdb
c:\users\thewy\desktop\popbl\sdl2-0-7examplesvcws\02simplegame\debug\vc141.idb
c:\users\thewy\desktop\popbl\sdl2-0-7examplesvcws\02simplegame\debug\puzzle4.obj
c:\users\thewy\desktop\popbl\sdl2-0-7examplesvcws\02simplegame\debug\puzzle2.obj
c:\users\thewy\desktop\popbl\sdl2-0-7examplesvcws\02simplegame\debug\puzzle1.obj
c:\users\thewy\desktop\popbl\sdl2-0-7examplesvcws\02simplegame\debug\nagusia.obj
c:\users\thewy\desktop\popbl\sdl2-0-7examplesvcws\02simplegame\debug\kultoa.obj
c:\users\thewy\desktop\popbl\sdl2-0-7examplesvcws\02simplegame\debug\hilketa.obj
c:\users\thewy\desktop\popbl\sdl2-0-7examplesvcws\02simplegame\debug\hasiera.obj
c:\users\thewy\desktop\popbl\sdl2-0-7examplesvcws\02simplegame\debug\galdu.obj
c:\users\thewy\desktop\popbl\sdl2-0-7examplesvcws\02simplegame\debug\ellie.obj
c:\users\thewy\desktop\popbl\sdl2-0-7examplesvcws\02simplegame\debug\bulegoa.obj
c:\users\thewy\desktop\popbl\sdl2-0-7examplesvcws\02simplegame\debug\02simplegamemain.obj
c:\users\thewy\desktop\popbl\sdl2-0-7examplesvcws\02simplegame\debug\text.obj
c:\users\thewy\desktop\popbl\sdl2-0-7examplesvcws\02simplegame\debug\soinua.obj
c:\users\thewy\desktop\popbl\sdl2-0-7examplesvcws\02simplegame\debug\imagen.obj
c:\users\thewy\desktop\popbl\sdl2-0-7examplesvcws\02simplegame\debug\graphics.obj
c:\users\thewy\desktop\popbl\sdl2-0-7examplesvcws\02simplegame\debug\ebentoak.obj
c:\users\thewy\desktop\popbl\sdl2-0-7examplesvcws\02simplegame\debug\02simplegame.tlog\cl.command.1.tlog
c:\users\thewy\desktop\popbl\sdl2-0-7examplesvcws\02simplegame\debug\02simplegame.tlog\cl.read.1.tlog
c:\users\thewy\desktop\popbl\sdl2-0-7examplesvcws\02simplegame\debug\02simplegame.tlog\cl.write.1.tlog
